Base path: /Applications/Unity/Unity.app/Contents
Cmd: initializeCompiler
Cmd: compileComputeKernel
  api=9 insize=1386 outsize=3425 ok=1
Cmd: compileComputeKernel
  api=14 insize=1386 outsize=6169 ok=1
Cmd: compileComputeKernel
  api=9 insize=3182 outsize=6785 ok=1
Cmd: compileComputeKernel
  api=14 insize=3182 outsize=7925 ok=1
Cmd: translateComputeKernel
  api=14 insize=7589 outsize=5241 ok=1
Cmd: compileComputeKernel
  api=14 insize=1484 outsize=7169 ok=1
Cmd: translateComputeKernel
  api=14 insize=7169 outsize=3537 ok=1
Cmd: compileComputeKernel
  api=14 insize=2285 outsize=6993 ok=1
Cmd: translateComputeKernel
  api=14 insize=6993 outsize=3137 ok=1
Cmd: initializeCompiler
Cmd: initializeCompiler
Cmd: initializeCompiler
Cmd: initializeCompiler
Cmd: initializeCompiler
Cmd: initializeCompiler
Cmd: initializeCompiler
Cmd: initializeCompiler
Cmd: initializeCompiler
Cmd: initializeCompiler
Cmd: initializeCompiler
Cmd: initializeCompiler
