Base path: /Applications/Unity/Unity.app/Contents
Cmd: initializeCompiler
Cmd: compileComputeKernel
<<<<<<< HEAD
  api=14 insize=1386 outsize=7117 ok=1
Cmd: translateComputeKernel
  api=14 insize=7117 outsize=3117 ok=1
Cmd: compileComputeKernel
  api=9 insize=3182 outsize=10297 ok=1
Cmd: translateComputeKernel
  api=14 insize=6337 outsize=1561 ok=1
Cmd: compileComputeKernel
  api=9 insize=1484 outsize=701 ok=1
Cmd: compileComputeKernel
  api=14 insize=1484 outsize=781 ok=1
Cmd: translateComputeKernel
  api=14 insize=873 outsize=909 ok=1
Cmd: compileComputeKernel
  api=9 insize=2285 outsize=5097 ok=1
Cmd: initializeCompiler
Cmd: initializeCompiler
=======
  api=14 insize=3182 outsize=6525 ok=1
Cmd: translateComputeKernel
  api=14 insize=6597 outsize=1561 ok=1
Cmd: translateComputeKernel
  api=14 insize=873 outsize=909 ok=1
>>>>>>> c59a692b4b8940e2ab0dfe120e47810b7704b4ff
Cmd: initializeCompiler
Cmd: initializeCompiler
Cmd: initializeCompiler
Cmd: initializeCompiler
Cmd: initializeCompiler
Cmd: initializeCompiler
Cmd: initializeCompiler
Cmd: initializeCompiler
Cmd: initializeCompiler
Cmd: initializeCompiler
